{"message":"user device added  successfully","status":201,"level":"info","timestamp":"2016-06-17T11:04:53.516Z"}
{"message":"internal server error/enter valid notification ids","status":500,"level":"error","timestamp":"2016-06-17T11:05:34.386Z"}
{"message":"No user device exists","status":404,"level":"info","timestamp":"2016-06-17T11:09:25.864Z"}
{"message":"device unsubscribed","status":200,"level":"info","timestamp":"2016-06-17T11:09:30.301Z"}
{"message":"device unsubscribed","status":200,"level":"info","timestamp":"2016-06-17T11:09:36.147Z"}
{"message":"device unsubscribed","status":200,"level":"info","timestamp":"2016-06-17T11:09:39.927Z"}
{"message":"device unsubscribed","status":200,"level":"info","timestamp":"2016-06-17T11:09:44.368Z"}
{"message":"device unsubscribed","status":200,"level":"info","timestamp":"2016-06-17T11:09:49.704Z"}
{"message":"No user device exists","status":404,"level":"info","timestamp":"2016-06-17T11:09:58.589Z"}
{"message":"No user device exists","status":404,"level":"info","timestamp":"2016-06-17T11:10:09.892Z"}
{"message":"No user device exists","status":404,"level":"info","timestamp":"2016-06-17T11:10:32.435Z"}
{"message":"No user device exists","status":404,"level":"info","timestamp":"2016-06-17T11:10:37.870Z"}
{"message":"No user device exists","status":404,"level":"info","timestamp":"2016-06-17T11:10:44.918Z"}
{"message":"notification successfully sent","status":200,"level":"info","timestamp":"2016-06-17T11:11:12.662Z"}
{"message":"notification successfully sent","status":200,"level":"info","timestamp":"2016-06-17T11:11:29.055Z"}
{"message":"no new notifications found to delete","status":404,"level":"info","timestamp":"2016-06-17T11:14:02.695Z"}

{"message":"15 new notifications found","status":200,"level":"info","timestamp":"2016-06-17T12:19:01.499Z"}
{"message":"no new notifications found","status":404,"level":"info","timestamp":"2016-06-17T12:19:08.290Z"}
{"message":"no new notifications found","status":404,"level":"info","timestamp":"2016-06-17T12:19:19.599Z"}
{"message":"no new notifications found","status":404,"level":"info","timestamp":"2016-06-17T12:20:54.169Z"}
{"message":"no new notifications found","status":404,"level":"info","timestamp":"2016-06-17T12:30:03.318Z"}
{"message":"no new notifications found","status":404,"level":"info","timestamp":"2016-06-17T12:30:18.769Z"}
{"message":"notification successfully sent","status":200,"level":"info","timestamp":"2016-06-17T12:30:24.553Z"}
{"message":"1 new notifications found","status":200,"level":"info","timestamp":"2016-06-17T12:30:39.014Z"}
{"message":"user device added  successfully","status":201,"level":"info","timestamp":"2016-06-20T09:24:14.318Z"}
{"message":"notification successfully sent","status":200,"level":"info","timestamp":"2016-06-20T09:24:39.672Z"}
{"message":"notification successfully sent","status":200,"level":"info","timestamp":"2016-06-20T10:19:20.790Z"}
{"message":"notification successfully sent","status":200,"level":"info","timestamp":"2016-06-20T10:19:32.092Z"}
{"message":"notification successfully sent","status":200,"level":"info","timestamp":"2016-06-20T10:20:35.091Z"}
{"message":"notification successfully sent","status":200,"level":"info","timestamp":"2016-06-20T10:36:24.484Z"}
{"message":"notification successfully sent","status":200,"level":"info","timestamp":"2016-06-20T10:38:41.268Z"}
